<?xml version="1.0" encoding="UTF-8"?>
<testsuite name="HelloWorldTest" tests="1" skipped="0" failures="0" errors="0" timestamp="2021-01-11T17:54:59" hostname="tp" time="0.031">
  <properties/>
  <testcase name="testCallingMain()" classname="HelloWorldTest" time="0.031"/>
  <system-out><![CDATA[]]></system-out>
  <system-err><![CDATA[]]></system-err>
</testsuite>
